TN:
SF:src/api.js
FN:11,(anonymous_0)
FN:34,(anonymous_1)
FN:42,(anonymous_2)
FN:54,(anonymous_3)
FN:71,(anonymous_4)
FN:83,(anonymous_5)
FN:115,(anonymous_6)
FN:170,(anonymous_7)
FN:201,(anonymous_8)
FN:225,(anonymous_9)
FN:244,(anonymous_10)
FN:270,(anonymous_11)
FN:352,(anonymous_12)
FN:357,(anonymous_13)
FN:366,(anonymous_14)
FN:368,(anonymous_15)
FN:381,(anonymous_16)
FN:413,(anonymous_17)
FN:427,(anonymous_18)
FN:459,(anonymous_19)
FN:473,(anonymous_20)
FN:509,(anonymous_21)
FN:512,(anonymous_22)
FN:523,(anonymous_23)
FN:524,(anonymous_24)
FN:532,(anonymous_25)
FN:538,(anonymous_26)
FNF:27
FNH:0
FNDA:0,(anonymous_0)
FNDA:0,(anonymous_1)
FNDA:0,(anonymous_2)
FNDA:0,(anonymous_3)
FNDA:0,(anonymous_4)
FNDA:0,(anonymous_5)
FNDA:0,(anonymous_6)
FNDA:0,(anonymous_7)
FNDA:0,(anonymous_8)
FNDA:0,(anonymous_9)
FNDA:0,(anonymous_10)
FNDA:0,(anonymous_11)
FNDA:0,(anonymous_12)
FNDA:0,(anonymous_13)
FNDA:0,(anonymous_14)
FNDA:0,(anonymous_15)
FNDA:0,(anonymous_16)
FNDA:0,(anonymous_17)
FNDA:0,(anonymous_18)
FNDA:0,(anonymous_19)
FNDA:0,(anonymous_20)
FNDA:0,(anonymous_21)
FNDA:0,(anonymous_22)
FNDA:0,(anonymous_23)
FNDA:0,(anonymous_24)
FNDA:0,(anonymous_25)
FNDA:0,(anonymous_26)
DA:6,0
DA:13,0
DA:14,0
DA:17,0
DA:18,0
DA:20,0
DA:35,0
DA:43,0
DA:44,0
DA:46,0
DA:47,0
DA:56,0
DA:57,0
DA:60,0
DA:61,0
DA:63,0
DA:72,0
DA:73,0
DA:74,0
DA:76,0
DA:84,0
DA:86,0
DA:87,0
DA:90,0
DA:91,0
DA:94,0
DA:95,0
DA:96,0
DA:99,0
DA:100,0
DA:103,0
DA:106,0
DA:116,0
DA:118,0
DA:119,0
DA:120,0
DA:121,0
DA:122,0
DA:125,0
DA:126,0
DA:128,0
DA:129,0
DA:130,0
DA:132,0
DA:133,0
DA:134,0
DA:138,0
DA:139,0
DA:143,0
DA:144,0
DA:147,0
DA:148,0
DA:149,0
DA:150,0
DA:153,0
DA:158,0
DA:160,0
DA:161,0
DA:171,0
DA:173,0
DA:174,0
DA:175,0
DA:176,0
DA:177,0
DA:180,0
DA:181,0
DA:183,0
DA:184,0
DA:191,0
DA:193,0
DA:202,0
DA:204,0
DA:205,0
DA:206,0
DA:207,0
DA:208,0
DA:211,0
DA:212,0
DA:214,0
DA:215,0
DA:216,0
DA:218,0
DA:226,0
DA:228,0
DA:229,0
DA:230,0
DA:232,0
DA:233,0
DA:235,0
DA:245,0
DA:247,0
DA:248,0
DA:249,0
DA:252,0
DA:253,0
DA:254,0
DA:256,0
DA:271,0
DA:276,0
DA:278,0
DA:279,0
DA:280,0
DA:281,0
DA:284,0
DA:289,0
DA:290,0
DA:291,0
DA:293,0
DA:300,0
DA:307,0
DA:313,0
DA:314,0
DA:315,0
DA:318,0
DA:319,0
DA:321,0
DA:323,0
DA:334,0
DA:336,0
DA:338,0
DA:339,0
DA:343,0
DA:344,0
DA:353,0
DA:355,0
DA:356,0
DA:357,0
DA:358,0
DA:365,0
DA:366,0
DA:367,0
DA:368,0
DA:371,0
DA:372,0
DA:373,0
DA:382,0
DA:383,0
DA:384,0
DA:386,0
DA:388,0
DA:398,0
DA:399,0
DA:400,0
DA:404,0
DA:406,0
DA:408,0
DA:409,0
DA:412,0
DA:413,0
DA:414,0
DA:415,0
DA:417,0
DA:428,0
DA:429,0
DA:430,0
DA:432,0
DA:447,0
DA:448,0
DA:449,0
DA:452,0
DA:454,0
DA:455,0
DA:458,0
DA:459,0
DA:460,0
DA:461,0
DA:462,0
DA:464,0
DA:474,0
DA:475,0
DA:476,0
DA:478,0
DA:480,0
DA:487,0
DA:488,0
DA:489,0
DA:492,0
DA:493,0
DA:495,0
DA:496,0
DA:500,0
DA:501,0
DA:509,0
DA:510,0
DA:511,0
DA:512,0
DA:514,0
DA:515,0
DA:517,0
DA:518,0
DA:522,0
DA:523,0
DA:524,0
DA:525,0
DA:528,0
DA:529,0
DA:532,0
DA:534,0
DA:535,0
DA:539,0
DA:545,0
LF:201
LH:0
BRDA:13,0,0,0
BRDA:13,0,1,0
BRDA:13,1,0,0
BRDA:13,1,1,0
BRDA:17,2,0,0
BRDA:17,2,1,0
BRDA:17,3,0,0
BRDA:17,3,1,0
BRDA:17,3,2,0
BRDA:43,4,0,0
BRDA:43,4,1,0
BRDA:43,5,0,0
BRDA:43,5,1,0
BRDA:47,6,0,0
BRDA:47,6,1,0
BRDA:56,7,0,0
BRDA:56,7,1,0
BRDA:56,8,0,0
BRDA:56,8,1,0
BRDA:60,9,0,0
BRDA:60,9,1,0
BRDA:60,10,0,0
BRDA:60,10,1,0
BRDA:74,11,0,0
BRDA:74,11,1,0
BRDA:74,11,2,0
BRDA:76,12,0,0
BRDA:76,12,1,0
BRDA:84,13,0,0
BRDA:84,13,1,0
BRDA:86,14,0,0
BRDA:86,14,1,0
BRDA:90,15,0,0
BRDA:90,15,1,0
BRDA:95,16,0,0
BRDA:95,16,1,0
BRDA:99,17,0,0
BRDA:99,17,1,0
BRDA:116,18,0,0
BRDA:116,18,1,0
BRDA:120,19,0,0
BRDA:120,19,1,0
BRDA:126,20,0,0
BRDA:126,20,1,0
BRDA:132,21,0,0
BRDA:132,21,1,0
BRDA:138,22,0,0
BRDA:138,22,1,0
BRDA:138,23,0,0
BRDA:138,23,1,0
BRDA:148,24,0,0
BRDA:148,24,1,0
BRDA:155,25,0,0
BRDA:155,25,1,0
BRDA:156,26,0,0
BRDA:156,26,1,0
BRDA:171,27,0,0
BRDA:171,27,1,0
BRDA:175,28,0,0
BRDA:175,28,1,0
BRDA:181,29,0,0
BRDA:181,29,1,0
BRDA:202,30,0,0
BRDA:202,30,1,0
BRDA:206,31,0,0
BRDA:206,31,1,0
BRDA:212,32,0,0
BRDA:212,32,1,0
BRDA:226,33,0,0
BRDA:226,33,1,0
BRDA:230,34,0,0
BRDA:230,34,1,0
BRDA:245,35,0,0
BRDA:245,35,1,0
BRDA:249,36,0,0
BRDA:249,36,1,0
BRDA:270,37,0,0
BRDA:273,38,0,0
BRDA:273,38,1,0
BRDA:276,39,0,0
BRDA:276,39,1,0
BRDA:278,40,0,0
BRDA:278,40,1,0
BRDA:280,41,0,0
BRDA:280,41,1,0
BRDA:294,42,0,0
BRDA:294,42,1,0
BRDA:295,43,0,0
BRDA:295,43,1,0
BRDA:296,44,0,0
BRDA:296,44,1,0
BRDA:297,45,0,0
BRDA:297,45,1,0
BRDA:313,46,0,0
BRDA:313,46,1,0
BRDA:321,47,0,0
BRDA:321,47,1,0
BRDA:325,48,0,0
BRDA:325,48,1,0
BRDA:355,49,0,0
BRDA:355,49,1,0
BRDA:358,50,0,0
BRDA:358,50,1,0
BRDA:358,50,2,0
BRDA:358,50,3,0
BRDA:358,50,4,0
BRDA:358,50,5,0
BRDA:365,51,0,0
BRDA:365,51,1,0
BRDA:367,52,0,0
BRDA:367,52,1,0
BRDA:371,53,0,0
BRDA:371,53,1,0
BRDA:372,54,0,0
BRDA:372,54,1,0
BRDA:382,55,0,0
BRDA:382,55,1,0
BRDA:398,56,0,0
BRDA:398,56,1,0
BRDA:414,57,0,0
BRDA:414,57,1,0
BRDA:428,58,0,0
BRDA:428,58,1,0
BRDA:447,59,0,0
BRDA:447,59,1,0
BRDA:460,60,0,0
BRDA:460,60,1,0
BRDA:474,61,0,0
BRDA:474,61,1,0
BRDA:487,62,0,0
BRDA:487,62,1,0
BRDA:511,63,0,0
BRDA:511,63,1,0
BRDA:514,64,0,0
BRDA:514,64,1,0
BRDA:517,65,0,0
BRDA:517,65,1,0
BRDA:525,66,0,0
BRDA:525,66,1,0
BRDA:528,67,0,0
BRDA:528,67,1,0
BRDA:534,68,0,0
BRDA:534,68,1,0
BRDA:539,69,0,0
BRDA:539,69,1,0
BRF:145
BRH:0
end_of_record
TN:
SF:src/background.js
FN:25,(anonymous_0)
FN:26,(anonymous_1)
FN:44,signInWithFirebase
FN:98,(anonymous_3)
FN:108,showBadgeFeedback
FN:118,(anonymous_5)
FN:124,(anonymous_6)
FN:127,(anonymous_7)
FN:130,(anonymous_8)
FN:139,(anonymous_9)
FN:169,(anonymous_10)
FNF:11
FNH:0
FNDA:0,(anonymous_0)
FNDA:0,(anonymous_1)
FNDA:0,signInWithFirebase
FNDA:0,(anonymous_3)
FNDA:0,showBadgeFeedback
FNDA:0,(anonymous_5)
FNDA:0,(anonymous_6)
FNDA:0,(anonymous_7)
FNDA:0,(anonymous_8)
FNDA:0,(anonymous_9)
FNDA:0,(anonymous_10)
DA:14,0
DA:15,0
DA:18,0
DA:19,0
DA:24,0
DA:25,0
DA:26,0
DA:27,0
DA:28,0
DA:29,0
DA:30,0
DA:32,0
DA:33,0
DA:35,0
DA:46,0
DA:48,0
DA:49,0
DA:50,0
DA:51,0
DA:57,0
DA:58,0
DA:60,0
DA:61,0
DA:62,0
DA:63,0
DA:64,0
DA:65,0
DA:67,0
DA:73,0
DA:74,0
DA:75,0
DA:76,0
DA:78,0
DA:79,0
DA:83,0
DA:86,0
DA:87,0
DA:89,0
DA:91,0
DA:98,0
DA:99,0
DA:100,0
DA:109,0
DA:110,0
DA:111,0
DA:112,0
DA:113,0
DA:114,0
DA:118,0
DA:119,0
DA:124,0
DA:125,0
DA:126,0
DA:128,0
DA:131,0
DA:132,0
DA:134,0
DA:139,0
DA:140,0
DA:143,0
DA:144,0
DA:146,0
DA:148,0
DA:149,0
DA:151,0
DA:157,0
DA:159,0
DA:168,0
DA:169,0
DA:170,0
DA:171,0
DA:174,0
DA:177,0
DA:178,0
DA:179,0
DA:181,0
DA:185,0
DA:187,0
DA:195,0
DA:198,0
DA:201,0
DA:204,0
DA:205,0
DA:210,0
DA:211,0
DA:214,0
LF:86
LH:0
BRDA:27,0,0,0
BRDA:27,0,1,0
BRDA:29,1,0,0
BRDA:29,1,1,0
BRDA:32,2,0,0
BRDA:32,2,1,0
BRDA:48,3,0,0
BRDA:48,3,1,0
BRDA:78,4,0,0
BRDA:78,4,1,0
BRDA:108,5,0,0
BRDA:109,6,0,0
BRDA:109,6,1,0
BRDA:112,7,0,0
BRDA:112,7,1,0
BRDA:125,8,0,0
BRDA:125,8,1,0
BRDA:168,9,0,0
BRDA:168,9,1,0
BRDA:170,10,0,0
BRDA:170,10,1,0
BRDA:170,10,2,0
BRDA:170,10,3,0
BRDA:204,11,0,0
BRDA:204,11,1,0
BRDA:206,12,0,0
BRDA:206,12,1,0
BRDA:207,13,0,0
BRDA:207,13,1,0
BRDA:208,14,0,0
BRDA:208,14,1,0
BRDA:210,15,0,0
BRDA:210,15,1,0
BRDA:210,16,0,0
BRDA:210,16,1,0
BRF:35
BRH:0
end_of_record
TN:
SF:src/components.js
FN:55,(anonymous_0)
FN:59,(anonymous_1)
FN:87,(anonymous_2)
FN:117,(anonymous_3)
FN:143,(anonymous_4)
FN:154,(anonymous_5)
FN:170,(anonymous_6)
FN:183,(anonymous_7)
FN:232,(anonymous_8)
FN:241,(anonymous_9)
FN:261,(anonymous_10)
FN:274,(anonymous_11)
FN:285,(anonymous_12)
FN:307,(anonymous_13)
FN:312,(anonymous_14)
FN:317,(anonymous_15)
FNF:16
FNH:0
FNDA:0,(anonymous_0)
FNDA:0,(anonymous_1)
FNDA:0,(anonymous_2)
FNDA:0,(anonymous_3)
FNDA:0,(anonymous_4)
FNDA:0,(anonymous_5)
FNDA:0,(anonymous_6)
FNDA:0,(anonymous_7)
FNDA:0,(anonymous_8)
FNDA:0,(anonymous_9)
FNDA:0,(anonymous_10)
FNDA:0,(anonymous_11)
FNDA:0,(anonymous_12)
FNDA:0,(anonymous_13)
FNDA:0,(anonymous_14)
FNDA:0,(anonymous_15)
DA:47,0
DA:57,0
DA:58,0
DA:60,0
DA:61,0
DA:67,0
DA:68,0
DA:71,0
DA:89,0
DA:90,0
DA:91,0
DA:92,0
DA:93,0
DA:95,0
DA:96,0
DA:98,0
DA:117,0
DA:143,0
DA:155,0
DA:171,0
DA:184,0
DA:233,0
DA:242,0
DA:262,0
DA:263,0
DA:264,0
DA:265,0
DA:275,0
DA:276,0
DA:286,0
DA:290,0
DA:291,0
DA:303,0
DA:306,0
DA:307,0
DA:311,0
DA:312,0
DA:316,0
DA:317,0
DA:320,0
LF:40
LH:0
BRDA:57,0,0,0
BRDA:57,0,1,0
BRDA:57,1,0,0
BRDA:57,1,1,0
BRDA:67,2,0,0
BRDA:67,2,1,0
BRDA:90,3,0,0
BRDA:90,3,1,0
BRDA:91,4,0,0
BRDA:91,4,1,0
BRDA:95,5,0,0
BRDA:95,5,1,0
BRDA:96,6,0,0
BRDA:96,6,1,0
BRDA:102,7,0,0
BRDA:102,7,1,0
BRDA:106,8,0,0
BRDA:106,8,1,0
BRDA:108,9,0,0
BRDA:108,9,1,0
BRDA:113,10,0,0
BRDA:113,10,1,0
BRDA:113,11,0,0
BRDA:113,11,1,0
BRDA:113,11,2,0
BRDA:113,11,3,0
BRDA:113,11,4,0
BRDA:116,12,0,0
BRDA:116,12,1,0
BRDA:116,13,0,0
BRDA:116,13,1,0
BRDA:130,14,0,0
BRDA:130,14,1,0
BRDA:141,15,0,0
BRDA:141,15,1,0
BRDA:250,16,0,0
BRDA:250,16,1,0
BRDA:262,17,0,0
BRDA:262,17,1,0
BRDA:275,18,0,0
BRDA:275,18,1,0
BRDA:275,19,0,0
BRDA:275,19,1,0
BRDA:286,20,0,0
BRDA:286,20,1,0
BRDA:287,21,0,0
BRDA:287,21,1,0
BRDA:288,22,0,0
BRDA:288,22,1,0
BRDA:290,23,0,0
BRDA:290,23,1,0
BRDA:306,24,0,0
BRDA:306,24,1,0
BRDA:306,25,0,0
BRDA:306,25,1,0
BRDA:311,26,0,0
BRDA:311,26,1,0
BRDA:311,27,0,0
BRDA:311,27,1,0
BRDA:316,28,0,0
BRDA:316,28,1,0
BRDA:316,29,0,0
BRDA:316,29,1,0
BRF:63
BRH:0
end_of_record
TN:
SF:src/config-loader.js
FNF:0
FNH:0
DA:3,0
LF:1
LH:0
BRF:0
BRH:0
end_of_record
TN:
SF:src/error-reporter.js
FN:6,getEnvironment
FN:26,reportError
FN:62,(anonymous_2)
FN:91,(anonymous_3)
FN:103,reportWarning
FN:115,setupErrorHandlers
FN:117,(anonymous_6)
FN:125,(anonymous_7)
FN:138,withErrorReporting
FN:139,(anonymous_9)
FN:146,(anonymous_10)
FNF:11
FNH:0
FNDA:0,getEnvironment
FNDA:0,reportError
FNDA:0,(anonymous_2)
FNDA:0,(anonymous_3)
FNDA:0,reportWarning
FNDA:0,setupErrorHandlers
FNDA:0,(anonymous_6)
FNDA:0,(anonymous_7)
FNDA:0,withErrorReporting
FNDA:0,(anonymous_9)
FNDA:0,(anonymous_10)
DA:7,0
DA:8,0
DA:11,0
DA:13,0
DA:14,0
DA:17,0
DA:27,0
DA:30,0
DA:42,0
DA:43,0
DA:44,0
DA:45,0
DA:52,0
DA:55,0
DA:56,0
DA:58,0
DA:70,0
DA:75,0
DA:76,0
DA:78,0
DA:93,0
DA:97,0
DA:104,0
DA:107,0
DA:108,0
DA:117,0
DA:118,0
DA:125,0
DA:126,0
DA:139,0
DA:140,0
DA:141,0
DA:143,0
DA:146,0
DA:148,0
LF:35
LH:0
BRDA:7,0,0,0
BRDA:7,0,1,0
BRDA:7,1,0,0
BRDA:7,1,1,0
BRDA:13,2,0,0
BRDA:13,2,1,0
BRDA:26,3,0,0
BRDA:42,4,0,0
BRDA:42,4,1,0
BRDA:42,5,0,0
BRDA:42,5,1,0
BRDA:55,6,0,0
BRDA:55,6,1,0
BRDA:75,7,0,0
BRDA:75,7,1,0
BRDA:103,8,0,0
BRDA:107,9,0,0
BRDA:107,9,1,0
BRDA:107,10,0,0
BRDA:107,10,1,0
BRDA:118,11,0,0
BRDA:118,11,1,0
BRDA:126,12,0,0
BRDA:126,12,1,0
BRDA:138,13,0,0
BRF:25
BRH:0
end_of_record
TN:
SF:src/firebase-init-dashboard.js
FN:7,isExtension
FN:20,(anonymous_1)
FNF:2
FNH:0
FNDA:0,isExtension
FNDA:0,(anonymous_1)
DA:9,0
DA:10,0
DA:13,0
DA:14,0
DA:16,0
DA:20,0
DA:21,0
DA:23,0
DA:24,0
DA:25,0
DA:26,0
DA:31,0
DA:32,0
DA:33,0
DA:34,0
DA:35,0
DA:37,0
DA:38,0
DA:41,0
DA:42,0
DA:45,0
DA:46,0
LF:22
LH:0
BRDA:9,0,0,0
BRDA:9,0,1,0
BRDA:9,1,0,0
BRDA:9,1,1,0
BRDA:13,2,0,0
BRDA:13,2,1,0
BRDA:13,3,0,0
BRDA:13,3,1,0
BRDA:13,3,2,0
BRDA:23,4,0,0
BRDA:23,4,1,0
BRDA:23,5,0,0
BRDA:23,5,1,0
BRF:13
BRH:0
end_of_record
TN:
SF:src/newtab.js
FN:12,getBrowserRuntime
FN:23,(anonymous_1)
FN:57,(anonymous_2)
FN:73,(anonymous_3)
FN:74,(anonymous_4)
FN:111,(anonymous_5)
FN:123,(anonymous_6)
FN:129,(anonymous_7)
FN:138,(anonymous_8)
FN:139,(anonymous_9)
FN:153,(anonymous_10)
FN:168,(anonymous_11)
FN:185,(anonymous_12)
FN:190,(anonymous_13)
FN:198,(anonymous_14)
FN:236,(anonymous_15)
FN:241,(anonymous_16)
FN:272,(anonymous_17)
FN:278,(anonymous_18)
FN:291,(anonymous_19)
FN:307,(anonymous_20)
FN:323,(anonymous_21)
FN:326,(anonymous_22)
FN:328,(anonymous_23)
FN:336,(anonymous_24)
FN:344,(anonymous_25)
FN:347,(anonymous_26)
FN:349,(anonymous_27)
FN:351,(anonymous_28)
FN:352,(anonymous_29)
FN:359,(anonymous_30)
FN:367,(anonymous_31)
FN:370,(anonymous_32)
FN:372,(anonymous_33)
FN:374,(anonymous_34)
FN:375,(anonymous_35)
FN:382,(anonymous_36)
FN:389,(anonymous_37)
FN:392,(anonymous_38)
FN:394,(anonymous_39)
FN:395,(anonymous_40)
FN:401,(anonymous_41)
FN:408,(anonymous_42)
FN:411,(anonymous_43)
FN:413,(anonymous_44)
FN:414,(anonymous_45)
FN:420,(anonymous_46)
FN:429,(anonymous_47)
FN:432,(anonymous_48)
FN:434,(anonymous_49)
FN:436,(anonymous_50)
FN:437,(anonymous_51)
FN:444,(anonymous_52)
FN:454,(anonymous_53)
FN:460,(anonymous_54)
FN:462,(anonymous_55)
FN:464,(anonymous_56)
FN:465,(anonymous_57)
FN:476,(anonymous_58)
FN:478,(anonymous_59)
FN:486,(anonymous_60)
FN:488,(anonymous_61)
FN:490,(anonymous_62)
FN:491,(anonymous_63)
FN:505,(anonymous_64)
FN:507,(anonymous_65)
FN:515,(anonymous_66)
FN:517,(anonymous_67)
FN:519,(anonymous_68)
FN:520,(anonymous_69)
FN:531,(anonymous_70)
FN:541,(anonymous_71)
FN:548,(anonymous_72)
FN:557,(anonymous_73)
FN:564,(anonymous_74)
FN:565,(anonymous_75)
FN:581,(anonymous_76)
FN:594,(anonymous_77)
FN:608,(anonymous_78)
FN:621,(anonymous_79)
FN:637,(anonymous_80)
FN:638,(anonymous_81)
FN:655,(anonymous_82)
FN:720,(anonymous_83)
FN:739,(anonymous_84)
FN:758,(anonymous_85)
FN:762,(anonymous_86)
FN:770,(anonymous_87)
FN:782,(anonymous_88)
FN:827,(anonymous_89)
FN:842,(anonymous_90)
FN:850,(anonymous_91)
FN:882,(anonymous_92)
FN:900,(anonymous_93)
FN:916,(anonymous_94)
FN:927,(anonymous_95)
FN:958,(anonymous_96)
FN:963,(anonymous_97)
FN:969,(anonymous_98)
FN:975,(anonymous_99)
FN:984,(anonymous_100)
FN:988,(anonymous_101)
FN:1000,(anonymous_102)
FN:1003,(anonymous_103)
FN:1006,(anonymous_104)
FN:1014,(anonymous_105)
FN:1015,(anonymous_106)
FN:1024,(anonymous_107)
FN:1051,(anonymous_108)
FN:1064,(anonymous_109)
FN:1089,(anonymous_110)
FN:1098,(anonymous_111)
FN:1117,(anonymous_112)
FN:1161,(anonymous_113)
FN:1179,(anonymous_114)
FN:1189,(anonymous_115)
FN:1196,(anonymous_116)
FN:1207,(anonymous_117)
FN:1214,(anonymous_118)
FN:1215,(anonymous_119)
FN:1235,(anonymous_120)
FN:1259,(anonymous_121)
FN:1276,(anonymous_122)
FN:1278,(anonymous_123)
FN:1285,(anonymous_124)
FN:1295,(anonymous_125)
FN:1323,(anonymous_126)
FN:1332,(anonymous_127)
FN:1354,(anonymous_128)
FN:1375,initDashboard
FNF:130
FNH:0
FNDA:0,getBrowserRuntime
FNDA:0,(anonymous_1)
FNDA:0,(anonymous_2)
FNDA:0,(anonymous_3)
FNDA:0,(anonymous_4)
FNDA:0,(anonymous_5)
FNDA:0,(anonymous_6)
FNDA:0,(anonymous_7)
FNDA:0,(anonymous_8)
FNDA:0,(anonymous_9)
FNDA:0,(anonymous_10)
FNDA:0,(anonymous_11)
FNDA:0,(anonymous_12)
FNDA:0,(anonymous_13)
FNDA:0,(anonymous_14)
FNDA:0,(anonymous_15)
FNDA:0,(anonymous_16)
FNDA:0,(anonymous_17)
FNDA:0,(anonymous_18)
FNDA:0,(anonymous_19)
FNDA:0,(anonymous_20)
FNDA:0,(anonymous_21)
FNDA:0,(anonymous_22)
FNDA:0,(anonymous_23)
FNDA:0,(anonymous_24)
FNDA:0,(anonymous_25)
FNDA:0,(anonymous_26)
FNDA:0,(anonymous_27)
FNDA:0,(anonymous_28)
FNDA:0,(anonymous_29)
FNDA:0,(anonymous_30)
FNDA:0,(anonymous_31)
FNDA:0,(anonymous_32)
FNDA:0,(anonymous_33)
FNDA:0,(anonymous_34)
FNDA:0,(anonymous_35)
FNDA:0,(anonymous_36)
FNDA:0,(anonymous_37)
FNDA:0,(anonymous_38)
FNDA:0,(anonymous_39)
FNDA:0,(anonymous_40)
FNDA:0,(anonymous_41)
FNDA:0,(anonymous_42)
FNDA:0,(anonymous_43)
FNDA:0,(anonymous_44)
FNDA:0,(anonymous_45)
FNDA:0,(anonymous_46)
FNDA:0,(anonymous_47)
FNDA:0,(anonymous_48)
FNDA:0,(anonymous_49)
FNDA:0,(anonymous_50)
FNDA:0,(anonymous_51)
FNDA:0,(anonymous_52)
FNDA:0,(anonymous_53)
FNDA:0,(anonymous_54)
FNDA:0,(anonymous_55)
FNDA:0,(anonymous_56)
FNDA:0,(anonymous_57)
FNDA:0,(anonymous_58)
FNDA:0,(anonymous_59)
FNDA:0,(anonymous_60)
FNDA:0,(anonymous_61)
FNDA:0,(anonymous_62)
FNDA:0,(anonymous_63)
FNDA:0,(anonymous_64)
FNDA:0,(anonymous_65)
FNDA:0,(anonymous_66)
FNDA:0,(anonymous_67)
FNDA:0,(anonymous_68)
FNDA:0,(anonymous_69)
FNDA:0,(anonymous_70)
FNDA:0,(anonymous_71)
FNDA:0,(anonymous_72)
FNDA:0,(anonymous_73)
FNDA:0,(anonymous_74)
FNDA:0,(anonymous_75)
FNDA:0,(anonymous_76)
FNDA:0,(anonymous_77)
FNDA:0,(anonymous_78)
FNDA:0,(anonymous_79)
FNDA:0,(anonymous_80)
FNDA:0,(anonymous_81)
FNDA:0,(anonymous_82)
FNDA:0,(anonymous_83)
FNDA:0,(anonymous_84)
FNDA:0,(anonymous_85)
FNDA:0,(anonymous_86)
FNDA:0,(anonymous_87)
FNDA:0,(anonymous_88)
FNDA:0,(anonymous_89)
FNDA:0,(anonymous_90)
FNDA:0,(anonymous_91)
FNDA:0,(anonymous_92)
FNDA:0,(anonymous_93)
FNDA:0,(anonymous_94)
FNDA:0,(anonymous_95)
FNDA:0,(anonymous_96)
FNDA:0,(anonymous_97)
FNDA:0,(anonymous_98)
FNDA:0,(anonymous_99)
FNDA:0,(anonymous_100)
FNDA:0,(anonymous_101)
FNDA:0,(anonymous_102)
FNDA:0,(anonymous_103)
FNDA:0,(anonymous_104)
FNDA:0,(anonymous_105)
FNDA:0,(anonymous_106)
FNDA:0,(anonymous_107)
FNDA:0,(anonymous_108)
FNDA:0,(anonymous_109)
FNDA:0,(anonymous_110)
FNDA:0,(anonymous_111)
FNDA:0,(anonymous_112)
FNDA:0,(anonymous_113)
FNDA:0,(anonymous_114)
FNDA:0,(anonymous_115)
FNDA:0,(anonymous_116)
FNDA:0,(anonymous_117)
FNDA:0,(anonymous_118)
FNDA:0,(anonymous_119)
FNDA:0,(anonymous_120)
FNDA:0,(anonymous_121)
FNDA:0,(anonymous_122)
FNDA:0,(anonymous_123)
FNDA:0,(anonymous_124)
FNDA:0,(anonymous_125)
FNDA:0,(anonymous_126)
FNDA:0,(anonymous_127)
FNDA:0,(anonymous_128)
FNDA:0,initDashboard
DA:13,0
DA:14,0
DA:16,0
DA:17,0
DA:19,0
DA:24,0
DA:25,0
DA:26,0
DA:33,0
DA:34,0
DA:35,0
DA:36,0
DA:37,0
DA:40,0
DA:41,0
DA:42,0
DA:45,0
DA:48,0
DA:49,0
DA:50,0
DA:51,0
DA:58,0
DA:59,0
DA:60,0
DA:61,0
DA:64,0
DA:67,0
DA:68,0
DA:69,0
DA:71,0
DA:73,0
DA:74,0
DA:75,0
DA:81,0
DA:82,0
DA:83,0
DA:87,0
DA:88,0
DA:90,0
DA:91,0
DA:92,0
DA:94,0
DA:102,0
DA:103,0
DA:104,0
DA:105,0
DA:112,0
DA:114,0
DA:115,0
DA:117,0
DA:124,0
DA:125,0
DA:126,0
DA:130,0
DA:131,0
DA:132,0
DA:134,0
DA:139,0
DA:140,0
DA:141,0
DA:142,0
DA:144,0
DA:145,0
DA:154,0
DA:155,0
DA:156,0
DA:157,0
DA:159,0
DA:160,0
DA:169,0
DA:170,0
DA:172,0
DA:173,0
DA:174,0
DA:175,0
DA:178,0
DA:179,0
DA:180,0
DA:186,0
DA:187,0
DA:191,0
DA:192,0
DA:199,0
DA:200,0
DA:203,0
DA:204,0
DA:205,0
DA:207,0
DA:208,0
DA:209,0
DA:213,0
DA:215,0
DA:218,0
DA:225,0
DA:226,0
DA:228,0
DA:237,0
DA:239,0
DA:241,0
DA:243,0
DA:249,0
DA:250,0
DA:252,0
DA:253,0
DA:255,0
DA:256,0
DA:259,0
DA:260,0
DA:264,0
DA:273,0
DA:276,0
DA:277,0
DA:278,0
DA:280,0
DA:281,0
DA:282,0
DA:283,0
DA:286,0
DA:287,0
DA:288,0
DA:291,0
DA:294,0
DA:295,0
DA:297,0
DA:301,0
DA:308,0
DA:309,0
DA:310,0
DA:312,0
DA:313,0
DA:315,0
DA:324,0
DA:326,0
DA:327,0
DA:328,0
DA:329,0
DA:330,0
DA:336,0
DA:345,0
DA:347,0
DA:348,0
DA:349,0
DA:350,0
DA:351,0
DA:352,0
DA:353,0
DA:359,0
DA:368,0
DA:370,0
DA:371,0
DA:372,0
DA:373,0
DA:374,0
DA:375,0
DA:376,0
DA:382,0
DA:390,0
DA:392,0
DA:393,0
DA:394,0
DA:395,0
DA:396,0
DA:401,0
DA:409,0
DA:411,0
DA:412,0
DA:413,0
DA:414,0
DA:415,0
DA:420,0
DA:430,0
DA:432,0
DA:433,0
DA:434,0
DA:435,0
DA:436,0
DA:437,0
DA:438,0
DA:444,0
DA:455,0
DA:456,0
DA:458,0
DA:460,0
DA:461,0
DA:462,0
DA:463,0
DA:464,0
DA:465,0
DA:466,0
DA:471,0
DA:473,0
DA:474,0
DA:475,0
DA:476,0
DA:477,0
DA:478,0
DA:479,0
DA:485,0
DA:486,0
DA:487,0
DA:488,0
DA:489,0
DA:490,0
DA:491,0
DA:492,0
DA:493,0
DA:500,0
DA:502,0
DA:503,0
DA:504,0
DA:505,0
DA:506,0
DA:507,0
DA:508,0
DA:514,0
DA:515,0
DA:516,0
DA:517,0
DA:518,0
DA:519,0
DA:520,0
DA:521,0
DA:522,0
DA:531,0
DA:542,0
DA:545,0
DA:546,0
DA:548,0
DA:549,0
DA:551,0
DA:552,0
DA:556,0
DA:557,0
DA:558,0
DA:563,0
DA:564,0
DA:565,0
DA:566,0
DA:575,0
DA:582,0
DA:583,0
DA:584,0
DA:585,0
DA:588,0
DA:591,0
DA:594,0
DA:595,0
DA:596,0
DA:597,0
DA:600,0
DA:601,0
DA:604,0
DA:605,0
DA:607,0
DA:608,0
DA:609,0
DA:610,0
DA:611,0
DA:617,0
DA:618,0
DA:620,0
DA:621,0
DA:622,0
DA:623,0
DA:624,0
DA:630,0
DA:637,0
DA:638,0
DA:639,0
DA:640,0
DA:641,0
DA:642,0
DA:643,0
DA:657,0
DA:659,0
DA:660,0
DA:661,0
DA:662,0
DA:664,0
DA:665,0
DA:666,0
DA:668,0
DA:672,0
DA:674,0
DA:676,0
DA:677,0
DA:678,0
DA:679,0
DA:683,0
DA:685,0
DA:686,0
DA:689,0
DA:691,0
DA:698,0
DA:701,0
DA:702,0
DA:705,0
DA:706,0
DA:708,0
DA:710,0
DA:721,0
DA:724,0
DA:730,0
DA:733,0
DA:736,0
DA:737,0
DA:739,0
DA:742,0
DA:744,0
DA:745,0
DA:746,0
DA:750,0
DA:751,0
DA:759,0
DA:760,0
DA:762,0
DA:763,0
DA:764,0
DA:765,0
DA:766,0
DA:767,0
DA:768,0
DA:769,0
DA:770,0
DA:771,0
DA:772,0
DA:773,0
DA:776,0
DA:784,0
DA:786,0
DA:789,0
DA:791,0
DA:792,0
DA:793,0
DA:805,0
DA:806,0
DA:808,0
DA:809,0
DA:811,0
DA:815,0
DA:820,0
DA:821,0
DA:823,0
DA:824,0
DA:827,0
DA:828,0
DA:831,0
DA:832,0
DA:836,0
DA:843,0
DA:844,0
DA:851,0
DA:852,0
DA:854,0
DA:856,0
DA:858,0
DA:859,0
DA:862,0
DA:863,0
DA:865,0
DA:866,0
DA:868,0
DA:869,0
DA:873,0
DA:874,0
DA:883,0
DA:885,0
DA:886,0
DA:887,0
DA:889,0
DA:892,0
DA:893,0
DA:901,0
DA:902,0
DA:903,0
DA:904,0
DA:905,0
DA:908,0
DA:909,0
DA:917,0
DA:918,0
DA:920,0
DA:921,0
DA:929,0
DA:930,0
DA:931,0
DA:932,0
DA:934,0
DA:935,0
DA:939,0
DA:940,0
DA:941,0
DA:942,0
DA:943,0
DA:944,0
DA:945,0
DA:946,0
DA:949,0
DA:952,0
DA:960,0
DA:961,0
DA:962,0
DA:963,0
DA:967,0
DA:968,0
DA:969,0
DA:973,0
DA:974,0
DA:975,0
DA:976,0
DA:977,0
DA:982,0
DA:983,0
DA:984,0
DA:988,0
DA:989,0
DA:990,0
DA:991,0
DA:992,0
DA:997,0
DA:998,0
DA:1000,0
DA:1001,0
DA:1002,0
DA:1003,0
DA:1006,0
DA:1007,0
DA:1008,0
DA:1009,0
DA:1010,0
DA:1014,0
DA:1015,0
DA:1016,0
DA:1017,0
DA:1018,0
DA:1019,0
DA:1024,0
DA:1026,0
DA:1027,0
DA:1028,0
DA:1029,0
DA:1030,0
DA:1034,0
DA:1035,0
DA:1036,0
DA:1037,0
DA:1038,0
DA:1039,0
DA:1043,0
DA:1044,0
DA:1045,0
DA:1046,0
DA:1051,0
DA:1052,0
DA:1053,0
DA:1057,0
DA:1066,0
DA:1068,0
DA:1070,0
DA:1071,0
DA:1074,0
DA:1075,0
DA:1077,0
DA:1082,0
DA:1083,0
DA:1091,0
DA:1092,0
DA:1093,0
DA:1094,0
DA:1097,0
DA:1099,0
DA:1100,0
DA:1101,0
DA:1111,0
DA:1118,0
DA:1120,0
DA:1121,0
DA:1123,0
DA:1125,0
DA:1127,0
DA:1130,0
DA:1131,0
DA:1132,0
DA:1133,0
DA:1135,0
DA:1136,0
DA:1137,0
DA:1141,0
DA:1144,0
DA:1146,0
DA:1147,0
DA:1150,0
DA:1151,0
DA:1153,0
DA:1154,0
DA:1162,0
DA:1163,0
DA:1164,0
DA:1165,0
DA:1166,0
DA:1167,0
DA:1171,0
DA:1173,0
DA:1180,0
DA:1181,0
DA:1182,0
DA:1190,0
DA:1197,0
DA:1198,0
DA:1202,0
DA:1203,0
DA:1204,0
DA:1207,0
DA:1210,0
DA:1211,0
DA:1214,0
DA:1215,0
DA:1217,0
DA:1218,0
DA:1219,0
DA:1221,0
DA:1224,0
DA:1225,0
DA:1228,0
DA:1236,0
DA:1237,0
DA:1238,0
DA:1239,0
DA:1253,0
DA:1260,0
DA:1261,0
DA:1273,0
DA:1274,0
DA:1276,0
DA:1277,0
DA:1278,0
DA:1286,0
DA:1287,0
DA:1296,0
DA:1297,0
DA:1298,0
DA:1299,0
DA:1302,0
DA:1305,0
DA:1307,0
DA:1308,0
DA:1309,0
DA:1310,0
DA:1311,0
DA:1312,0
DA:1314,0
DA:1315,0
DA:1325,0
DA:1332,0
DA:1335,0
DA:1338,0
DA:1340,0
DA:1343,0
DA:1344,0
DA:1348,0
DA:1355,0
DA:1356,0
DA:1357,0
DA:1358,0
DA:1361,0
DA:1362,0
DA:1364,0
DA:1365,0
DA:1368,0
DA:1369,0
DA:1370,0
DA:1376,0
DA:1377,0
DA:1378,0
DA:1381,0
DA:1382,0
DA:1384,0
DA:1385,0
DA:1386,0
DA:1389,0
DA:1390,0
DA:1391,0
DA:1407,0
DA:1408,0
DA:1410,0
DA:1414,0
DA:1416,0
DA:1417,0
DA:1418,0
DA:1419,0
DA:1441,0
LF:591
LH:0
BRDA:13,0,0,0
BRDA:13,0,1,0
BRDA:13,1,0,0
BRDA:13,1,1,0
BRDA:16,2,0,0
BRDA:16,2,1,0
BRDA:16,3,0,0
BRDA:16,3,1,0
BRDA:16,3,2,0
BRDA:68,4,0,0
BRDA:68,4,1,0
BRDA:68,5,0,0
BRDA:68,5,1,0
BRDA:71,6,0,0
BRDA:71,6,1,0
BRDA:71,7,0,0
BRDA:71,7,1,0
BRDA:75,8,0,0
BRDA:75,8,1,0
BRDA:81,9,0,0
BRDA:81,9,1,0
BRDA:90,10,0,0
BRDA:90,10,1,0
BRDA:112,11,0,0
BRDA:112,11,1,0
BRDA:112,12,0,0
BRDA:112,12,1,0
BRDA:115,13,0,0
BRDA:115,13,1,0
BRDA:124,14,0,0
BRDA:124,14,1,0
BRDA:131,15,0,0
BRDA:131,15,1,0
BRDA:140,16,0,0
BRDA:140,16,1,0
BRDA:155,17,0,0
BRDA:155,17,1,0
BRDA:172,18,0,0
BRDA:172,18,1,0
BRDA:172,19,0,0
BRDA:172,19,1,0
BRDA:172,19,2,0
BRDA:178,20,0,0
BRDA:178,20,1,0
BRDA:178,21,0,0
BRDA:178,21,1,0
BRDA:203,22,0,0
BRDA:203,22,1,0
BRDA:207,23,0,0
BRDA:207,23,1,0
BRDA:208,24,0,0
BRDA:208,24,1,0
BRDA:209,25,0,0
BRDA:209,25,1,0
BRDA:218,26,0,0
BRDA:218,26,1,0
BRDA:218,26,2,0
BRDA:218,26,3,0
BRDA:218,26,4,0
BRDA:225,27,0,0
BRDA:225,27,1,0
BRDA:237,28,0,0
BRDA:237,28,1,0
BRDA:249,29,0,0
BRDA:249,29,1,0
BRDA:252,30,0,0
BRDA:252,30,1,0
BRDA:252,30,2,0
BRDA:253,31,0,0
BRDA:253,31,1,0
BRDA:255,32,0,0
BRDA:255,32,1,0
BRDA:255,33,0,0
BRDA:255,33,1,0
BRDA:276,34,0,0
BRDA:276,34,1,0
BRDA:280,35,0,0
BRDA:280,35,1,0
BRDA:280,36,0,0
BRDA:280,36,1,0
BRDA:281,37,0,0
BRDA:281,37,1,0
BRDA:281,38,0,0
BRDA:281,38,1,0
BRDA:282,39,0,0
BRDA:282,39,1,0
BRDA:282,40,0,0
BRDA:282,40,1,0
BRDA:283,41,0,0
BRDA:283,41,1,0
BRDA:283,42,0,0
BRDA:283,42,1,0
BRDA:286,43,0,0
BRDA:286,43,1,0
BRDA:286,44,0,0
BRDA:286,44,1,0
BRDA:287,45,0,0
BRDA:287,45,1,0
BRDA:287,46,0,0
BRDA:287,46,1,0
BRDA:288,47,0,0
BRDA:288,47,1,0
BRDA:288,48,0,0
BRDA:288,48,1,0
BRDA:291,49,0,0
BRDA:291,49,1,0
BRDA:291,50,0,0
BRDA:291,50,1,0
BRDA:294,51,0,0
BRDA:294,51,1,0
BRDA:294,52,0,0
BRDA:294,52,1,0
BRDA:295,53,0,0
BRDA:295,53,1,0
BRDA:295,54,0,0
BRDA:295,54,1,0
BRDA:312,55,0,0
BRDA:312,55,1,0
BRDA:315,56,0,0
BRDA:315,56,1,0
BRDA:327,57,0,0
BRDA:327,57,1,0
BRDA:327,58,0,0
BRDA:327,58,1,0
BRDA:329,59,0,0
BRDA:329,59,1,0
BRDA:329,60,0,0
BRDA:329,60,1,0
BRDA:348,61,0,0
BRDA:348,61,1,0
BRDA:348,62,0,0
BRDA:348,62,1,0
BRDA:350,63,0,0
BRDA:350,63,1,0
BRDA:350,64,0,0
BRDA:350,64,1,0
BRDA:371,65,0,0
BRDA:371,65,1,0
BRDA:371,66,0,0
BRDA:371,66,1,0
BRDA:373,67,0,0
BRDA:373,67,1,0
BRDA:373,68,0,0
BRDA:373,68,1,0
BRDA:393,69,0,0
BRDA:393,69,1,0
BRDA:393,70,0,0
BRDA:393,70,1,0
BRDA:412,71,0,0
BRDA:412,71,1,0
BRDA:412,72,0,0
BRDA:412,72,1,0
BRDA:433,73,0,0
BRDA:433,73,1,0
BRDA:433,74,0,0
BRDA:433,74,1,0
BRDA:435,75,0,0
BRDA:435,75,1,0
BRDA:435,76,0,0
BRDA:435,76,1,0
BRDA:456,77,0,0
BRDA:456,77,1,0
BRDA:458,78,0,0
BRDA:458,78,1,0
BRDA:461,79,0,0
BRDA:461,79,1,0
BRDA:463,80,0,0
BRDA:463,80,1,0
BRDA:463,81,0,0
BRDA:463,81,1,0
BRDA:471,82,0,0
BRDA:471,82,1,0
BRDA:475,83,0,0
BRDA:475,83,1,0
BRDA:476,84,0,0
BRDA:476,84,1,0
BRDA:477,85,0,0
BRDA:477,85,1,0
BRDA:485,86,0,0
BRDA:485,86,1,0
BRDA:487,87,0,0
BRDA:487,87,1,0
BRDA:489,88,0,0
BRDA:489,88,1,0
BRDA:489,89,0,0
BRDA:489,89,1,0
BRDA:492,90,0,0
BRDA:492,90,1,0
BRDA:500,91,0,0
BRDA:500,91,1,0
BRDA:504,92,0,0
BRDA:504,92,1,0
BRDA:505,93,0,0
BRDA:505,93,1,0
BRDA:506,94,0,0
BRDA:506,94,1,0
BRDA:514,95,0,0
BRDA:514,95,1,0
BRDA:516,96,0,0
BRDA:516,96,1,0
BRDA:518,97,0,0
BRDA:518,97,1,0
BRDA:518,98,0,0
BRDA:518,98,1,0
BRDA:521,99,0,0
BRDA:521,99,1,0
BRDA:542,100,0,0
BRDA:542,100,1,0
BRDA:546,101,0,0
BRDA:546,101,1,0
BRDA:548,102,0,0
BRDA:548,102,1,0
BRDA:549,103,0,0
BRDA:549,103,1,0
BRDA:551,104,0,0
BRDA:551,104,1,0
BRDA:556,105,0,0
BRDA:556,105,1,0
BRDA:561,106,0,0
BRDA:561,106,1,0
BRDA:563,107,0,0
BRDA:563,107,1,0
BRDA:569,108,0,0
BRDA:569,108,1,0
BRDA:570,109,0,0
BRDA:570,109,1,0
BRDA:583,110,0,0
BRDA:583,110,1,0
BRDA:596,111,0,0
BRDA:596,111,1,0
BRDA:604,112,0,0
BRDA:604,112,1,0
BRDA:607,113,0,0
BRDA:607,113,1,0
BRDA:610,114,0,0
BRDA:610,114,1,0
BRDA:617,115,0,0
BRDA:617,115,1,0
BRDA:620,116,0,0
BRDA:620,116,1,0
BRDA:623,117,0,0
BRDA:623,117,1,0
BRDA:632,118,0,0
BRDA:632,118,1,0
BRDA:633,119,0,0
BRDA:633,119,1,0
BRDA:642,120,0,0
BRDA:642,120,1,0
BRDA:642,121,0,0
BRDA:642,121,1,0
BRDA:657,122,0,0
BRDA:657,122,1,0
BRDA:659,123,0,0
BRDA:659,123,1,0
BRDA:662,124,0,0
BRDA:662,124,1,0
BRDA:664,125,0,0
BRDA:664,125,1,0
BRDA:666,126,0,0
BRDA:666,126,1,0
BRDA:668,127,0,0
BRDA:668,127,1,0
BRDA:672,128,0,0
BRDA:672,128,1,0
BRDA:672,128,2,0
BRDA:674,129,0,0
BRDA:674,129,1,0
BRDA:692,130,0,0
BRDA:692,130,1,0
BRDA:693,131,0,0
BRDA:693,131,1,0
BRDA:694,132,0,0
BRDA:694,132,1,0
BRDA:701,133,0,0
BRDA:701,133,1,0
BRDA:725,134,0,0
BRDA:725,134,1,0
BRDA:726,135,0,0
BRDA:726,135,1,0
BRDA:727,136,0,0
BRDA:727,136,1,0
BRDA:736,137,0,0
BRDA:736,137,1,0
BRDA:742,138,0,0
BRDA:742,138,1,0
BRDA:763,139,0,0
BRDA:763,139,1,0
BRDA:763,140,0,0
BRDA:763,140,1,0
BRDA:764,141,0,0
BRDA:764,141,1,0
BRDA:764,142,0,0
BRDA:764,142,1,0
BRDA:765,143,0,0
BRDA:765,143,1,0
BRDA:765,144,0,0
BRDA:765,144,1,0
BRDA:766,145,0,0
BRDA:766,145,1,0
BRDA:766,146,0,0
BRDA:766,146,1,0
BRDA:767,147,0,0
BRDA:767,147,1,0
BRDA:767,148,0,0
BRDA:767,148,1,0
BRDA:768,149,0,0
BRDA:768,149,1,0
BRDA:768,150,0,0
BRDA:768,150,1,0
BRDA:769,151,0,0
BRDA:769,151,1,0
BRDA:769,152,0,0
BRDA:769,152,1,0
BRDA:770,153,0,0
BRDA:770,153,1,0
BRDA:770,154,0,0
BRDA:770,154,1,0
BRDA:771,155,0,0
BRDA:771,155,1,0
BRDA:771,156,0,0
BRDA:771,156,1,0
BRDA:772,157,0,0
BRDA:772,157,1,0
BRDA:772,158,0,0
BRDA:772,158,1,0
BRDA:791,159,0,0
BRDA:791,159,1,0
BRDA:792,160,0,0
BRDA:792,160,1,0
BRDA:805,161,0,0
BRDA:805,161,1,0
BRDA:808,162,0,0
BRDA:808,162,1,0
BRDA:820,163,0,0
BRDA:820,163,1,0
BRDA:831,164,0,0
BRDA:831,164,1,0
BRDA:854,165,0,0
BRDA:854,165,1,0
BRDA:854,166,0,0
BRDA:854,166,1,0
BRDA:856,167,0,0
BRDA:856,167,1,0
BRDA:865,168,0,0
BRDA:865,168,1,0
BRDA:865,169,0,0
BRDA:865,169,1,0
BRDA:868,170,0,0
BRDA:868,170,1,0
BRDA:868,171,0,0
BRDA:868,171,1,0
BRDA:886,172,0,0
BRDA:886,172,1,0
BRDA:902,173,0,0
BRDA:902,173,1,0
BRDA:902,174,0,0
BRDA:902,174,1,0
BRDA:918,175,0,0
BRDA:918,175,1,0
BRDA:921,176,0,0
BRDA:921,176,1,0
BRDA:931,177,0,0
BRDA:931,177,1,0
BRDA:934,178,0,0
BRDA:934,178,1,0
BRDA:961,179,0,0
BRDA:961,179,1,0
BRDA:968,180,0,0
BRDA:968,180,1,0
BRDA:974,181,0,0
BRDA:974,181,1,0
BRDA:983,182,0,0
BRDA:983,182,1,0
BRDA:991,183,0,0
BRDA:991,183,1,0
BRDA:991,184,0,0
BRDA:991,184,1,0
BRDA:991,184,2,0
BRDA:1002,185,0,0
BRDA:1002,185,1,0
BRDA:1027,186,0,0
BRDA:1027,186,1,0
BRDA:1035,187,0,0
BRDA:1035,187,1,0
BRDA:1044,188,0,0
BRDA:1044,188,1,0
BRDA:1066,189,0,0
BRDA:1066,189,1,0
BRDA:1068,190,0,0
BRDA:1068,190,1,0
BRDA:1074,191,0,0
BRDA:1074,191,1,0
BRDA:1074,191,2,0
BRDA:1075,192,0,0
BRDA:1075,192,1,0
BRDA:1100,193,0,0
BRDA:1100,193,1,0
BRDA:1100,194,0,0
BRDA:1100,194,1,0
BRDA:1100,194,2,0
BRDA:1118,195,0,0
BRDA:1118,195,1,0
BRDA:1118,196,0,0
BRDA:1118,196,1,0
BRDA:1131,197,0,0
BRDA:1131,197,1,0
BRDA:1135,198,0,0
BRDA:1135,198,1,0
BRDA:1136,199,0,0
BRDA:1136,199,1,0
BRDA:1137,200,0,0
BRDA:1137,200,1,0
BRDA:1163,201,0,0
BRDA:1163,201,1,0
BRDA:1181,202,0,0
BRDA:1181,202,1,0
BRDA:1197,203,0,0
BRDA:1197,203,1,0
BRDA:1203,204,0,0
BRDA:1203,204,1,0
BRDA:1224,205,0,0
BRDA:1224,205,1,0
BRDA:1236,206,0,0
BRDA:1236,206,1,0
BRDA:1238,207,0,0
BRDA:1238,207,1,0
BRDA:1251,208,0,0
BRDA:1251,208,1,0
BRDA:1326,209,0,0
BRDA:1326,209,1,0
BRDA:1327,210,0,0
BRDA:1327,210,1,0
BRDA:1328,211,0,0
BRDA:1328,211,1,0
BRDA:1343,212,0,0
BRDA:1343,212,1,0
BRDA:1361,213,0,0
BRDA:1361,213,1,0
BRDA:1361,213,2,0
BRDA:1362,214,0,0
BRDA:1362,214,1,0
BRDA:1364,215,0,0
BRDA:1364,215,1,0
BRDA:1364,216,0,0
BRDA:1364,216,1,0
BRDA:1384,217,0,0
BRDA:1384,217,1,0
BRDA:1390,218,0,0
BRDA:1390,218,1,0
BRDA:1399,219,0,0
BRDA:1399,219,1,0
BRDA:1407,220,0,0
BRDA:1407,220,1,0
BRDA:1416,221,0,0
BRDA:1416,221,1,0
BRF:455
BRH:0
end_of_record
TN:
SF:src/validators.js
FN:93,validatePage
FN:105,validatePages
FN:108,(anonymous_2)
FN:114,validateSearchResponse
FNF:4
FNH:1
FNDA:3,validatePage
FNDA:0,validatePages
FNDA:0,(anonymous_2)
FNDA:0,validateSearchResponse
DA:7,1
DA:18,1
DA:64,1
DA:76,1
DA:82,1
DA:94,3
DA:95,3
DA:97,1
DA:98,1
DA:106,0
DA:108,0
DA:115,0
DA:116,0
DA:118,0
DA:119,0
LF:15
LH:9
BRF:0
BRH:0
end_of_record
