TN:
SF:src/api.js
FN:10,(anonymous_0)
FN:25,(anonymous_1)
FN:37,(anonymous_2)
FN:68,(anonymous_3)
FN:101,(anonymous_4)
FN:120,(anonymous_5)
FN:134,(anonymous_6)
FN:155,(anonymous_7)
FN:237,(anonymous_8)
FN:242,(anonymous_9)
FN:251,(anonymous_10)
FN:253,(anonymous_11)
FN:266,(anonymous_12)
FN:298,(anonymous_13)
FN:312,(anonymous_14)
FN:344,(anonymous_15)
FN:358,(anonymous_16)
FN:394,(anonymous_17)
FN:397,(anonymous_18)
FN:408,(anonymous_19)
FN:409,(anonymous_20)
FN:417,(anonymous_21)
FN:423,(anonymous_22)
FNF:23
FNH:0
FNDA:0,(anonymous_0)
FNDA:0,(anonymous_1)
FNDA:0,(anonymous_2)
FNDA:0,(anonymous_3)
FNDA:0,(anonymous_4)
FNDA:0,(anonymous_5)
FNDA:0,(anonymous_6)
FNDA:0,(anonymous_7)
FNDA:0,(anonymous_8)
FNDA:0,(anonymous_9)
FNDA:0,(anonymous_10)
FNDA:0,(anonymous_11)
FNDA:0,(anonymous_12)
FNDA:0,(anonymous_13)
FNDA:0,(anonymous_14)
FNDA:0,(anonymous_15)
FNDA:0,(anonymous_16)
FNDA:0,(anonymous_17)
FNDA:0,(anonymous_18)
FNDA:0,(anonymous_19)
FNDA:0,(anonymous_20)
FNDA:0,(anonymous_21)
FNDA:0,(anonymous_22)
DA:6,0
DA:11,0
DA:26,0
DA:27,0
DA:28,0
DA:30,0
DA:38,0
DA:40,0
DA:41,0
DA:44,0
DA:45,0
DA:48,0
DA:49,0
DA:50,0
DA:53,0
DA:54,0
DA:57,0
DA:60,0
DA:69,0
DA:71,0
DA:72,0
DA:73,0
DA:75,0
DA:76,0
DA:77,0
DA:80,0
DA:81,0
DA:82,0
DA:83,0
DA:86,0
DA:90,0
DA:92,0
DA:93,0
DA:102,0
DA:104,0
DA:105,0
DA:111,0
DA:113,0
DA:121,0
DA:123,0
DA:124,0
DA:125,0
DA:127,0
DA:135,0
DA:137,0
DA:138,0
DA:139,0
DA:141,0
DA:156,0
DA:161,0
DA:163,0
DA:164,0
DA:165,0
DA:166,0
DA:169,0
DA:174,0
DA:175,0
DA:176,0
DA:178,0
DA:185,0
DA:192,0
DA:198,0
DA:199,0
DA:200,0
DA:203,0
DA:204,0
DA:206,0
DA:208,0
DA:219,0
DA:221,0
DA:223,0
DA:224,0
DA:228,0
DA:229,0
DA:238,0
DA:240,0
DA:241,0
DA:242,0
DA:243,0
DA:250,0
DA:251,0
DA:252,0
DA:253,0
DA:256,0
DA:257,0
DA:258,0
DA:267,0
DA:268,0
DA:269,0
DA:271,0
DA:273,0
DA:283,0
DA:284,0
DA:285,0
DA:289,0
DA:291,0
DA:293,0
DA:294,0
DA:297,0
DA:298,0
DA:299,0
DA:300,0
DA:302,0
DA:313,0
DA:314,0
DA:315,0
DA:317,0
DA:332,0
DA:333,0
DA:334,0
DA:337,0
DA:339,0
DA:340,0
DA:343,0
DA:344,0
DA:345,0
DA:346,0
DA:347,0
DA:349,0
DA:359,0
DA:360,0
DA:361,0
DA:363,0
DA:365,0
DA:372,0
DA:373,0
DA:374,0
DA:377,0
DA:378,0
DA:380,0
DA:381,0
DA:385,0
DA:386,0
DA:394,0
DA:395,0
DA:396,0
DA:397,0
DA:399,0
DA:400,0
DA:402,0
DA:403,0
DA:407,0
DA:408,0
DA:409,0
DA:410,0
DA:413,0
DA:414,0
DA:417,0
DA:419,0
DA:420,0
DA:424,0
DA:430,0
LF:152
LH:0
BRDA:11,0,0,0
BRDA:11,0,1,0
BRDA:28,1,0,0
BRDA:28,1,1,0
BRDA:28,1,2,0
BRDA:30,2,0,0
BRDA:30,2,1,0
BRDA:38,3,0,0
BRDA:38,3,1,0
BRDA:40,4,0,0
BRDA:40,4,1,0
BRDA:44,5,0,0
BRDA:44,5,1,0
BRDA:49,6,0,0
BRDA:49,6,1,0
BRDA:53,7,0,0
BRDA:53,7,1,0
BRDA:69,8,0,0
BRDA:69,8,1,0
BRDA:75,9,0,0
BRDA:75,9,1,0
BRDA:81,10,0,0
BRDA:81,10,1,0
BRDA:87,11,0,0
BRDA:87,11,1,0
BRDA:88,12,0,0
BRDA:88,12,1,0
BRDA:102,13,0,0
BRDA:102,13,1,0
BRDA:121,14,0,0
BRDA:121,14,1,0
BRDA:135,15,0,0
BRDA:135,15,1,0
BRDA:155,16,0,0
BRDA:158,17,0,0
BRDA:158,17,1,0
BRDA:161,18,0,0
BRDA:161,18,1,0
BRDA:163,19,0,0
BRDA:163,19,1,0
BRDA:165,20,0,0
BRDA:165,20,1,0
BRDA:179,21,0,0
BRDA:179,21,1,0
BRDA:180,22,0,0
BRDA:180,22,1,0
BRDA:181,23,0,0
BRDA:181,23,1,0
BRDA:182,24,0,0
BRDA:182,24,1,0
BRDA:198,25,0,0
BRDA:198,25,1,0
BRDA:206,26,0,0
BRDA:206,26,1,0
BRDA:210,27,0,0
BRDA:210,27,1,0
BRDA:240,28,0,0
BRDA:240,28,1,0
BRDA:243,29,0,0
BRDA:243,29,1,0
BRDA:243,29,2,0
BRDA:243,29,3,0
BRDA:243,29,4,0
BRDA:243,29,5,0
BRDA:250,30,0,0
BRDA:250,30,1,0
BRDA:251,31,0,0
BRDA:251,31,1,0
BRDA:251,32,0,0
BRDA:251,32,1,0
BRDA:252,33,0,0
BRDA:252,33,1,0
BRDA:253,34,0,0
BRDA:253,34,1,0
BRDA:253,35,0,0
BRDA:253,35,1,0
BRDA:256,36,0,0
BRDA:256,36,1,0
BRDA:257,37,0,0
BRDA:257,37,1,0
BRDA:267,38,0,0
BRDA:267,38,1,0
BRDA:283,39,0,0
BRDA:283,39,1,0
BRDA:299,40,0,0
BRDA:299,40,1,0
BRDA:313,41,0,0
BRDA:313,41,1,0
BRDA:332,42,0,0
BRDA:332,42,1,0
BRDA:345,43,0,0
BRDA:345,43,1,0
BRDA:359,44,0,0
BRDA:359,44,1,0
BRDA:372,45,0,0
BRDA:372,45,1,0
BRDA:396,46,0,0
BRDA:396,46,1,0
BRDA:399,47,0,0
BRDA:399,47,1,0
BRDA:402,48,0,0
BRDA:402,48,1,0
BRDA:410,49,0,0
BRDA:410,49,1,0
BRDA:413,50,0,0
BRDA:413,50,1,0
BRDA:419,51,0,0
BRDA:419,51,1,0
BRDA:424,52,0,0
BRDA:424,52,1,0
BRF:110
BRH:0
end_of_record
TN:
SF:src/background.js
FN:21,(anonymous_0)
FN:33,signInWithFirebase
FN:83,(anonymous_2)
FN:89,(anonymous_3)
FN:92,(anonymous_4)
FN:95,(anonymous_5)
FN:104,(anonymous_6)
FN:130,(anonymous_7)
FNF:8
FNH:0
FNDA:0,(anonymous_0)
FNDA:0,signInWithFirebase
FNDA:0,(anonymous_2)
FNDA:0,(anonymous_3)
FNDA:0,(anonymous_4)
FNDA:0,(anonymous_5)
FNDA:0,(anonymous_6)
FNDA:0,(anonymous_7)
DA:13,0
DA:14,0
DA:17,0
DA:18,0
DA:21,0
DA:22,0
DA:23,0
DA:25,0
DA:34,0
DA:35,0
DA:36,0
DA:42,0
DA:43,0
DA:45,0
DA:46,0
DA:47,0
DA:48,0
DA:49,0
DA:50,0
DA:52,0
DA:58,0
DA:59,0
DA:60,0
DA:61,0
DA:63,0
DA:64,0
DA:68,0
DA:71,0
DA:72,0
DA:74,0
DA:76,0
DA:83,0
DA:84,0
DA:85,0
DA:89,0
DA:90,0
DA:91,0
DA:93,0
DA:96,0
DA:97,0
DA:99,0
DA:104,0
DA:105,0
DA:107,0
DA:109,0
DA:110,0
DA:112,0
DA:118,0
DA:120,0
DA:129,0
DA:130,0
DA:131,0
DA:132,0
DA:135,0
DA:138,0
DA:139,0
DA:140,0
DA:142,0
DA:145,0
DA:153,0
DA:156,0
DA:159,0
DA:160,0
DA:165,0
DA:166,0
DA:169,0
LF:66
LH:0
BRDA:22,0,0,0
BRDA:22,0,1,0
BRDA:34,1,0,0
BRDA:34,1,1,0
BRDA:63,2,0,0
BRDA:63,2,1,0
BRDA:90,3,0,0
BRDA:90,3,1,0
BRDA:129,4,0,0
BRDA:129,4,1,0
BRDA:131,5,0,0
BRDA:131,5,1,0
BRDA:131,5,2,0
BRDA:131,5,3,0
BRDA:159,6,0,0
BRDA:159,6,1,0
BRDA:161,7,0,0
BRDA:161,7,1,0
BRDA:162,8,0,0
BRDA:162,8,1,0
BRDA:163,9,0,0
BRDA:163,9,1,0
BRDA:165,10,0,0
BRDA:165,10,1,0
BRDA:165,11,0,0
BRDA:165,11,1,0
BRF:26
BRH:0
end_of_record
TN:
SF:src/components.js
FN:57,(anonymous_0)
FN:61,(anonymous_1)
FN:89,(anonymous_2)
FN:119,(anonymous_3)
FN:145,(anonymous_4)
FN:156,(anonymous_5)
FN:172,(anonymous_6)
FN:185,(anonymous_7)
FN:205,(anonymous_8)
FN:225,(anonymous_9)
FN:238,(anonymous_10)
FN:249,(anonymous_11)
FN:298,(anonymous_12)
FN:318,(anonymous_13)
FN:376,(anonymous_14)
FN:395,(anonymous_15)
FN:418,(anonymous_16)
FNF:17
FNH:0
FNDA:0,(anonymous_0)
FNDA:0,(anonymous_1)
FNDA:0,(anonymous_2)
FNDA:0,(anonymous_3)
FNDA:0,(anonymous_4)
FNDA:0,(anonymous_5)
FNDA:0,(anonymous_6)
FNDA:0,(anonymous_7)
FNDA:0,(anonymous_8)
FNDA:0,(anonymous_9)
FNDA:0,(anonymous_10)
FNDA:0,(anonymous_11)
FNDA:0,(anonymous_12)
FNDA:0,(anonymous_13)
FNDA:0,(anonymous_14)
FNDA:0,(anonymous_15)
FNDA:0,(anonymous_16)
DA:49,0
DA:59,0
DA:60,0
DA:62,0
DA:63,0
DA:69,0
DA:70,0
DA:73,0
DA:91,0
DA:92,0
DA:93,0
DA:94,0
DA:95,0
DA:97,0
DA:98,0
DA:100,0
DA:119,0
DA:145,0
DA:157,0
DA:173,0
DA:186,0
DA:206,0
DA:226,0
DA:227,0
DA:228,0
DA:229,0
DA:239,0
DA:240,0
DA:251,0
DA:252,0
DA:255,0
DA:258,0
DA:259,0
DA:260,0
DA:262,0
DA:264,0
DA:265,0
DA:267,0
DA:268,0
DA:269,0
DA:270,0
DA:272,0
DA:273,0
DA:274,0
DA:276,0
DA:279,0
DA:280,0
DA:288,0
DA:297,0
DA:299,0
DA:300,0
DA:304,0
DA:319,0
DA:323,0
DA:324,0
DA:349,0
DA:365,0
DA:366,0
DA:376,0
DA:383,0
DA:384,0
DA:395,0
DA:402,0
DA:403,0
DA:418,0
DA:424,0
DA:425,0
LF:67
LH:0
BRDA:59,0,0,0
BRDA:59,0,1,0
BRDA:59,1,0,0
BRDA:59,1,1,0
BRDA:69,2,0,0
BRDA:69,2,1,0
BRDA:92,3,0,0
BRDA:92,3,1,0
BRDA:93,4,0,0
BRDA:93,4,1,0
BRDA:97,5,0,0
BRDA:97,5,1,0
BRDA:98,6,0,0
BRDA:98,6,1,0
BRDA:104,7,0,0
BRDA:104,7,1,0
BRDA:108,8,0,0
BRDA:108,8,1,0
BRDA:110,9,0,0
BRDA:110,9,1,0
BRDA:115,10,0,0
BRDA:115,10,1,0
BRDA:115,11,0,0
BRDA:115,11,1,0
BRDA:115,11,2,0
BRDA:115,11,3,0
BRDA:115,11,4,0
BRDA:118,12,0,0
BRDA:118,12,1,0
BRDA:118,13,0,0
BRDA:118,13,1,0
BRDA:132,14,0,0
BRDA:132,14,1,0
BRDA:143,15,0,0
BRDA:143,15,1,0
BRDA:214,16,0,0
BRDA:214,16,1,0
BRDA:226,17,0,0
BRDA:226,17,1,0
BRDA:239,18,0,0
BRDA:239,18,1,0
BRDA:239,19,0,0
BRDA:239,19,1,0
BRDA:249,20,0,0
BRDA:251,21,0,0
BRDA:251,21,1,0
BRDA:251,22,0,0
BRDA:251,22,1,0
BRDA:251,22,2,0
BRDA:258,23,0,0
BRDA:258,23,1,0
BRDA:262,24,0,0
BRDA:262,24,1,0
BRDA:265,25,0,0
BRDA:265,25,1,0
BRDA:265,26,0,0
BRDA:265,26,1,0
BRDA:270,27,0,0
BRDA:270,27,1,0
BRDA:270,28,0,0
BRDA:270,28,1,0
BRDA:274,29,0,0
BRDA:274,29,1,0
BRDA:279,30,0,0
BRDA:279,30,1,0
BRDA:280,31,0,0
BRDA:280,31,1,0
BRDA:299,32,0,0
BRDA:299,32,1,0
BRDA:300,33,0,0
BRDA:300,33,1,0
BRDA:319,34,0,0
BRDA:319,34,1,0
BRDA:320,35,0,0
BRDA:320,35,1,0
BRDA:321,36,0,0
BRDA:321,36,1,0
BRDA:323,37,0,0
BRDA:323,37,1,0
BRDA:359,38,0,0
BRDA:359,38,1,0
BRDA:365,39,0,0
BRDA:365,39,1,0
BRDA:365,40,0,0
BRDA:365,40,1,0
BRDA:383,41,0,0
BRDA:383,41,1,0
BRDA:383,42,0,0
BRDA:383,42,1,0
BRDA:402,43,0,0
BRDA:402,43,1,0
BRDA:402,44,0,0
BRDA:402,44,1,0
BRF:93
BRH:0
end_of_record
TN:
SF:src/config-loader.js
FNF:0
FNH:0
DA:3,0
LF:1
LH:0
BRF:0
BRH:0
end_of_record
TN:
SF:src/error-reporter.js
FN:6,getEnvironment
FN:26,reportError
FN:62,(anonymous_2)
FN:91,(anonymous_3)
FN:103,reportWarning
FN:115,setupErrorHandlers
FN:117,(anonymous_6)
FN:125,(anonymous_7)
FN:138,withErrorReporting
FN:139,(anonymous_9)
FN:146,(anonymous_10)
FNF:11
FNH:0
FNDA:0,getEnvironment
FNDA:0,reportError
FNDA:0,(anonymous_2)
FNDA:0,(anonymous_3)
FNDA:0,reportWarning
FNDA:0,setupErrorHandlers
FNDA:0,(anonymous_6)
FNDA:0,(anonymous_7)
FNDA:0,withErrorReporting
FNDA:0,(anonymous_9)
FNDA:0,(anonymous_10)
DA:7,0
DA:8,0
DA:11,0
DA:13,0
DA:14,0
DA:17,0
DA:27,0
DA:30,0
DA:42,0
DA:43,0
DA:44,0
DA:45,0
DA:52,0
DA:55,0
DA:56,0
DA:58,0
DA:70,0
DA:75,0
DA:76,0
DA:78,0
DA:93,0
DA:97,0
DA:104,0
DA:107,0
DA:108,0
DA:117,0
DA:118,0
DA:125,0
DA:126,0
DA:139,0
DA:140,0
DA:141,0
DA:143,0
DA:146,0
DA:148,0
LF:35
LH:0
BRDA:7,0,0,0
BRDA:7,0,1,0
BRDA:7,1,0,0
BRDA:7,1,1,0
BRDA:13,2,0,0
BRDA:13,2,1,0
BRDA:26,3,0,0
BRDA:42,4,0,0
BRDA:42,4,1,0
BRDA:42,5,0,0
BRDA:42,5,1,0
BRDA:55,6,0,0
BRDA:55,6,1,0
BRDA:75,7,0,0
BRDA:75,7,1,0
BRDA:103,8,0,0
BRDA:107,9,0,0
BRDA:107,9,1,0
BRDA:107,10,0,0
BRDA:107,10,1,0
BRDA:118,11,0,0
BRDA:118,11,1,0
BRDA:126,12,0,0
BRDA:126,12,1,0
BRDA:138,13,0,0
BRF:25
BRH:0
end_of_record
TN:
SF:src/firebase-init-dashboard.js
FN:5,(anonymous_0)
FNF:1
FNH:0
FNDA:0,(anonymous_0)
DA:5,0
DA:6,0
DA:8,0
DA:9,0
DA:10,0
DA:11,0
DA:14,0
DA:15,0
DA:16,0
DA:17,0
DA:18,0
DA:20,0
DA:21,0
DA:24,0
DA:25,0
DA:28,0
DA:29,0
LF:17
LH:0
BRDA:8,0,0,0
BRDA:8,0,1,0
BRDA:8,1,0,0
BRDA:8,1,1,0
BRF:4
BRH:0
end_of_record
TN:
SF:src/newtab.js
FN:9,(anonymous_0)
FN:35,(anonymous_1)
FN:48,(anonymous_2)
FN:49,(anonymous_3)
FN:82,(anonymous_4)
FN:94,(anonymous_5)
FN:100,(anonymous_6)
FN:109,(anonymous_7)
FN:110,(anonymous_8)
FN:124,(anonymous_9)
FN:139,(anonymous_10)
FN:155,(anonymous_11)
FN:160,(anonymous_12)
FN:168,(anonymous_13)
FN:206,(anonymous_14)
FN:211,(anonymous_15)
FN:234,(anonymous_16)
FN:240,(anonymous_17)
FN:253,(anonymous_18)
FN:269,(anonymous_19)
FN:285,(anonymous_20)
FN:288,(anonymous_21)
FN:290,(anonymous_22)
FN:298,(anonymous_23)
FN:308,(anonymous_24)
FN:314,(anonymous_25)
FN:316,(anonymous_26)
FN:318,(anonymous_27)
FN:319,(anonymous_28)
FN:330,(anonymous_29)
FN:332,(anonymous_30)
FN:340,(anonymous_31)
FN:342,(anonymous_32)
FN:344,(anonymous_33)
FN:345,(anonymous_34)
FN:359,(anonymous_35)
FN:361,(anonymous_36)
FN:369,(anonymous_37)
FN:371,(anonymous_38)
FN:373,(anonymous_39)
FN:374,(anonymous_40)
FN:385,(anonymous_41)
FN:395,(anonymous_42)
FN:402,(anonymous_43)
FN:411,(anonymous_44)
FN:418,(anonymous_45)
FN:419,(anonymous_46)
FN:435,(anonymous_47)
FN:461,(anonymous_48)
FN:468,(anonymous_49)
FN:469,(anonymous_50)
FN:490,(anonymous_51)
FN:491,(anonymous_52)
FN:505,(anonymous_53)
FN:541,(anonymous_54)
FN:548,(anonymous_55)
FN:556,(anonymous_56)
FN:588,(anonymous_57)
FN:602,(anonymous_58)
FN:618,(anonymous_59)
FN:629,(anonymous_60)
FN:633,(anonymous_61)
FN:639,(anonymous_62)
FN:648,(anonymous_63)
FN:652,(anonymous_64)
FN:664,(anonymous_65)
FN:667,(anonymous_66)
FN:670,(anonymous_67)
FN:678,(anonymous_68)
FN:679,(anonymous_69)
FN:688,(anonymous_70)
FN:727,(anonymous_71)
FN:739,(anonymous_72)
FN:748,(anonymous_73)
FN:757,(anonymous_74)
FN:776,(anonymous_75)
FN:817,(anonymous_76)
FN:835,(anonymous_77)
FN:845,(anonymous_78)
FN:852,(anonymous_79)
FN:863,(anonymous_80)
FN:869,(anonymous_81)
FN:890,(anonymous_82)
FN:913,(anonymous_83)
FN:930,(anonymous_84)
FN:932,(anonymous_85)
FN:939,(anonymous_86)
FN:949,(anonymous_87)
FN:973,(anonymous_88)
FN:982,(anonymous_89)
FN:1001,(anonymous_90)
FN:1013,(anonymous_91)
FN:1027,initDashboard
FNF:93
FNH:0
FNDA:0,(anonymous_0)
FNDA:0,(anonymous_1)
FNDA:0,(anonymous_2)
FNDA:0,(anonymous_3)
FNDA:0,(anonymous_4)
FNDA:0,(anonymous_5)
FNDA:0,(anonymous_6)
FNDA:0,(anonymous_7)
FNDA:0,(anonymous_8)
FNDA:0,(anonymous_9)
FNDA:0,(anonymous_10)
FNDA:0,(anonymous_11)
FNDA:0,(anonymous_12)
FNDA:0,(anonymous_13)
FNDA:0,(anonymous_14)
FNDA:0,(anonymous_15)
FNDA:0,(anonymous_16)
FNDA:0,(anonymous_17)
FNDA:0,(anonymous_18)
FNDA:0,(anonymous_19)
FNDA:0,(anonymous_20)
FNDA:0,(anonymous_21)
FNDA:0,(anonymous_22)
FNDA:0,(anonymous_23)
FNDA:0,(anonymous_24)
FNDA:0,(anonymous_25)
FNDA:0,(anonymous_26)
FNDA:0,(anonymous_27)
FNDA:0,(anonymous_28)
FNDA:0,(anonymous_29)
FNDA:0,(anonymous_30)
FNDA:0,(anonymous_31)
FNDA:0,(anonymous_32)
FNDA:0,(anonymous_33)
FNDA:0,(anonymous_34)
FNDA:0,(anonymous_35)
FNDA:0,(anonymous_36)
FNDA:0,(anonymous_37)
FNDA:0,(anonymous_38)
FNDA:0,(anonymous_39)
FNDA:0,(anonymous_40)
FNDA:0,(anonymous_41)
FNDA:0,(anonymous_42)
FNDA:0,(anonymous_43)
FNDA:0,(anonymous_44)
FNDA:0,(anonymous_45)
FNDA:0,(anonymous_46)
FNDA:0,(anonymous_47)
FNDA:0,(anonymous_48)
FNDA:0,(anonymous_49)
FNDA:0,(anonymous_50)
FNDA:0,(anonymous_51)
FNDA:0,(anonymous_52)
FNDA:0,(anonymous_53)
FNDA:0,(anonymous_54)
FNDA:0,(anonymous_55)
FNDA:0,(anonymous_56)
FNDA:0,(anonymous_57)
FNDA:0,(anonymous_58)
FNDA:0,(anonymous_59)
FNDA:0,(anonymous_60)
FNDA:0,(anonymous_61)
FNDA:0,(anonymous_62)
FNDA:0,(anonymous_63)
FNDA:0,(anonymous_64)
FNDA:0,(anonymous_65)
FNDA:0,(anonymous_66)
FNDA:0,(anonymous_67)
FNDA:0,(anonymous_68)
FNDA:0,(anonymous_69)
FNDA:0,(anonymous_70)
FNDA:0,(anonymous_71)
FNDA:0,(anonymous_72)
FNDA:0,(anonymous_73)
FNDA:0,(anonymous_74)
FNDA:0,(anonymous_75)
FNDA:0,(anonymous_76)
FNDA:0,(anonymous_77)
FNDA:0,(anonymous_78)
FNDA:0,(anonymous_79)
FNDA:0,(anonymous_80)
FNDA:0,(anonymous_81)
FNDA:0,(anonymous_82)
FNDA:0,(anonymous_83)
FNDA:0,(anonymous_84)
FNDA:0,(anonymous_85)
FNDA:0,(anonymous_86)
FNDA:0,(anonymous_87)
FNDA:0,(anonymous_88)
FNDA:0,(anonymous_89)
FNDA:0,(anonymous_90)
FNDA:0,(anonymous_91)
FNDA:0,initDashboard
DA:10,0
DA:11,0
DA:12,0
DA:19,0
DA:20,0
DA:21,0
DA:22,0
DA:23,0
DA:26,0
DA:27,0
DA:28,0
DA:29,0
DA:36,0
DA:37,0
DA:38,0
DA:39,0
DA:42,0
DA:43,0
DA:44,0
DA:46,0
DA:48,0
DA:49,0
DA:50,0
DA:56,0
DA:57,0
DA:58,0
DA:61,0
DA:62,0
DA:63,0
DA:65,0
DA:73,0
DA:74,0
DA:75,0
DA:76,0
DA:83,0
DA:85,0
DA:86,0
DA:88,0
DA:95,0
DA:96,0
DA:97,0
DA:101,0
DA:102,0
DA:103,0
DA:105,0
DA:110,0
DA:111,0
DA:112,0
DA:113,0
DA:115,0
DA:116,0
DA:125,0
DA:126,0
DA:127,0
DA:128,0
DA:130,0
DA:131,0
DA:140,0
DA:141,0
DA:143,0
DA:144,0
DA:145,0
DA:148,0
DA:149,0
DA:150,0
DA:156,0
DA:157,0
DA:161,0
DA:162,0
DA:169,0
DA:170,0
DA:173,0
DA:174,0
DA:175,0
DA:177,0
DA:178,0
DA:179,0
DA:182,0
DA:183,0
DA:185,0
DA:188,0
DA:195,0
DA:196,0
DA:198,0
DA:207,0
DA:209,0
DA:211,0
DA:213,0
DA:219,0
DA:220,0
DA:221,0
DA:222,0
DA:223,0
DA:226,0
DA:235,0
DA:238,0
DA:239,0
DA:240,0
DA:242,0
DA:243,0
DA:244,0
DA:245,0
DA:248,0
DA:249,0
DA:250,0
DA:253,0
DA:256,0
DA:257,0
DA:259,0
DA:263,0
DA:270,0
DA:271,0
DA:272,0
DA:274,0
DA:275,0
DA:277,0
DA:286,0
DA:288,0
DA:289,0
DA:290,0
DA:291,0
DA:292,0
DA:298,0
DA:309,0
DA:310,0
DA:312,0
DA:314,0
DA:315,0
DA:316,0
DA:317,0
DA:318,0
DA:319,0
DA:320,0
DA:325,0
DA:327,0
DA:328,0
DA:329,0
DA:330,0
DA:331,0
DA:332,0
DA:333,0
DA:339,0
DA:340,0
DA:341,0
DA:342,0
DA:343,0
DA:344,0
DA:345,0
DA:346,0
DA:347,0
DA:354,0
DA:356,0
DA:357,0
DA:358,0
DA:359,0
DA:360,0
DA:361,0
DA:362,0
DA:368,0
DA:369,0
DA:370,0
DA:371,0
DA:372,0
DA:373,0
DA:374,0
DA:375,0
DA:376,0
DA:385,0
DA:396,0
DA:399,0
DA:400,0
DA:402,0
DA:403,0
DA:405,0
DA:406,0
DA:410,0
DA:411,0
DA:412,0
DA:417,0
DA:418,0
DA:419,0
DA:420,0
DA:429,0
DA:436,0
DA:437,0
DA:438,0
DA:439,0
DA:442,0
DA:443,0
DA:445,0
DA:447,0
DA:448,0
DA:451,0
DA:452,0
DA:455,0
DA:456,0
DA:459,0
DA:460,0
DA:461,0
DA:462,0
DA:463,0
DA:468,0
DA:469,0
DA:470,0
DA:471,0
DA:472,0
DA:473,0
DA:474,0
DA:475,0
DA:477,0
DA:478,0
DA:479,0
DA:480,0
DA:481,0
DA:482,0
DA:483,0
DA:484,0
DA:490,0
DA:491,0
DA:492,0
DA:493,0
DA:494,0
DA:495,0
DA:496,0
DA:507,0
DA:509,0
DA:511,0
DA:512,0
DA:513,0
DA:525,0
DA:526,0
DA:528,0
DA:529,0
DA:531,0
DA:535,0
DA:538,0
DA:541,0
DA:542,0
DA:549,0
DA:550,0
DA:557,0
DA:558,0
DA:560,0
DA:562,0
DA:564,0
DA:565,0
DA:568,0
DA:569,0
DA:571,0
DA:572,0
DA:574,0
DA:575,0
DA:579,0
DA:580,0
DA:589,0
DA:591,0
DA:594,0
DA:595,0
DA:603,0
DA:604,0
DA:605,0
DA:606,0
DA:607,0
DA:610,0
DA:611,0
DA:619,0
DA:620,0
DA:622,0
DA:623,0
DA:631,0
DA:632,0
DA:633,0
DA:637,0
DA:638,0
DA:639,0
DA:640,0
DA:641,0
DA:646,0
DA:647,0
DA:648,0
DA:652,0
DA:653,0
DA:654,0
DA:655,0
DA:656,0
DA:661,0
DA:662,0
DA:664,0
DA:665,0
DA:666,0
DA:667,0
DA:670,0
DA:671,0
DA:672,0
DA:673,0
DA:674,0
DA:678,0
DA:679,0
DA:680,0
DA:681,0
DA:682,0
DA:683,0
DA:688,0
DA:690,0
DA:691,0
DA:692,0
DA:693,0
DA:694,0
DA:698,0
DA:699,0
DA:700,0
DA:701,0
DA:702,0
DA:703,0
DA:704,0
DA:706,0
DA:710,0
DA:711,0
DA:712,0
DA:713,0
DA:714,0
DA:715,0
DA:719,0
DA:720,0
DA:721,0
DA:722,0
DA:727,0
DA:728,0
DA:729,0
DA:733,0
DA:740,0
DA:741,0
DA:742,0
DA:750,0
DA:751,0
DA:752,0
DA:753,0
DA:756,0
DA:758,0
DA:759,0
DA:760,0
DA:770,0
DA:777,0
DA:779,0
DA:780,0
DA:782,0
DA:784,0
DA:786,0
DA:789,0
DA:790,0
DA:791,0
DA:792,0
DA:794,0
DA:795,0
DA:796,0
DA:800,0
DA:801,0
DA:802,0
DA:803,0
DA:806,0
DA:807,0
DA:809,0
DA:810,0
DA:818,0
DA:819,0
DA:820,0
DA:821,0
DA:822,0
DA:823,0
DA:827,0
DA:829,0
DA:836,0
DA:837,0
DA:838,0
DA:846,0
DA:853,0
DA:854,0
DA:858,0
DA:859,0
DA:860,0
DA:863,0
DA:866,0
DA:867,0
DA:869,0
DA:870,0
DA:871,0
DA:872,0
DA:874,0
DA:876,0
DA:879,0
DA:880,0
DA:883,0
DA:891,0
DA:892,0
DA:893,0
DA:907,0
DA:914,0
DA:915,0
DA:927,0
DA:928,0
DA:930,0
DA:931,0
DA:932,0
DA:940,0
DA:941,0
DA:950,0
DA:951,0
DA:952,0
DA:955,0
DA:958,0
DA:960,0
DA:961,0
DA:962,0
DA:964,0
DA:965,0
DA:975,0
DA:982,0
DA:984,0
DA:985,0
DA:987,0
DA:988,0
DA:1000,0
DA:1001,0
DA:1003,0
DA:1007,0
DA:1014,0
DA:1015,0
DA:1016,0
DA:1017,0
DA:1020,0
DA:1021,0
DA:1023,0
DA:1028,0
DA:1029,0
DA:1030,0
DA:1033,0
DA:1034,0
DA:1036,0
DA:1037,0
DA:1038,0
DA:1041,0
DA:1042,0
DA:1043,0
DA:1059,0
DA:1060,0
DA:1062,0
DA:1066,0
DA:1068,0
DA:1069,0
DA:1070,0
DA:1071,0
DA:1093,0
LF:452
LH:0
BRDA:43,0,0,0
BRDA:43,0,1,0
BRDA:43,1,0,0
BRDA:43,1,1,0
BRDA:46,2,0,0
BRDA:46,2,1,0
BRDA:46,3,0,0
BRDA:46,3,1,0
BRDA:50,4,0,0
BRDA:50,4,1,0
BRDA:56,5,0,0
BRDA:56,5,1,0
BRDA:61,6,0,0
BRDA:61,6,1,0
BRDA:83,7,0,0
BRDA:83,7,1,0
BRDA:83,8,0,0
BRDA:83,8,1,0
BRDA:86,9,0,0
BRDA:86,9,1,0
BRDA:95,10,0,0
BRDA:95,10,1,0
BRDA:102,11,0,0
BRDA:102,11,1,0
BRDA:111,12,0,0
BRDA:111,12,1,0
BRDA:126,13,0,0
BRDA:126,13,1,0
BRDA:143,14,0,0
BRDA:143,14,1,0
BRDA:143,15,0,0
BRDA:143,15,1,0
BRDA:143,15,2,0
BRDA:148,16,0,0
BRDA:148,16,1,0
BRDA:148,17,0,0
BRDA:148,17,1,0
BRDA:173,18,0,0
BRDA:173,18,1,0
BRDA:177,19,0,0
BRDA:177,19,1,0
BRDA:178,20,0,0
BRDA:178,20,1,0
BRDA:179,21,0,0
BRDA:179,21,1,0
BRDA:188,22,0,0
BRDA:188,22,1,0
BRDA:188,22,2,0
BRDA:188,22,3,0
BRDA:188,22,4,0
BRDA:195,23,0,0
BRDA:195,23,1,0
BRDA:207,24,0,0
BRDA:207,24,1,0
BRDA:219,25,0,0
BRDA:219,25,1,0
BRDA:238,26,0,0
BRDA:238,26,1,0
BRDA:242,27,0,0
BRDA:242,27,1,0
BRDA:242,28,0,0
BRDA:242,28,1,0
BRDA:243,29,0,0
BRDA:243,29,1,0
BRDA:243,30,0,0
BRDA:243,30,1,0
BRDA:244,31,0,0
BRDA:244,31,1,0
BRDA:244,32,0,0
BRDA:244,32,1,0
BRDA:245,33,0,0
BRDA:245,33,1,0
BRDA:245,34,0,0
BRDA:245,34,1,0
BRDA:248,35,0,0
BRDA:248,35,1,0
BRDA:248,36,0,0
BRDA:248,36,1,0
BRDA:249,37,0,0
BRDA:249,37,1,0
BRDA:249,38,0,0
BRDA:249,38,1,0
BRDA:250,39,0,0
BRDA:250,39,1,0
BRDA:250,40,0,0
BRDA:250,40,1,0
BRDA:253,41,0,0
BRDA:253,41,1,0
BRDA:253,42,0,0
BRDA:253,42,1,0
BRDA:256,43,0,0
BRDA:256,43,1,0
BRDA:256,44,0,0
BRDA:256,44,1,0
BRDA:257,45,0,0
BRDA:257,45,1,0
BRDA:257,46,0,0
BRDA:257,46,1,0
BRDA:274,47,0,0
BRDA:274,47,1,0
BRDA:277,48,0,0
BRDA:277,48,1,0
BRDA:289,49,0,0
BRDA:289,49,1,0
BRDA:289,50,0,0
BRDA:289,50,1,0
BRDA:291,51,0,0
BRDA:291,51,1,0
BRDA:291,52,0,0
BRDA:291,52,1,0
BRDA:310,53,0,0
BRDA:310,53,1,0
BRDA:312,54,0,0
BRDA:312,54,1,0
BRDA:315,55,0,0
BRDA:315,55,1,0
BRDA:317,56,0,0
BRDA:317,56,1,0
BRDA:317,57,0,0
BRDA:317,57,1,0
BRDA:325,58,0,0
BRDA:325,58,1,0
BRDA:329,59,0,0
BRDA:329,59,1,0
BRDA:330,60,0,0
BRDA:330,60,1,0
BRDA:331,61,0,0
BRDA:331,61,1,0
BRDA:339,62,0,0
BRDA:339,62,1,0
BRDA:341,63,0,0
BRDA:341,63,1,0
BRDA:343,64,0,0
BRDA:343,64,1,0
BRDA:343,65,0,0
BRDA:343,65,1,0
BRDA:346,66,0,0
BRDA:346,66,1,0
BRDA:354,67,0,0
BRDA:354,67,1,0
BRDA:358,68,0,0
BRDA:358,68,1,0
BRDA:359,69,0,0
BRDA:359,69,1,0
BRDA:360,70,0,0
BRDA:360,70,1,0
BRDA:368,71,0,0
BRDA:368,71,1,0
BRDA:370,72,0,0
BRDA:370,72,1,0
BRDA:372,73,0,0
BRDA:372,73,1,0
BRDA:372,74,0,0
BRDA:372,74,1,0
BRDA:375,75,0,0
BRDA:375,75,1,0
BRDA:396,76,0,0
BRDA:396,76,1,0
BRDA:400,77,0,0
BRDA:400,77,1,0
BRDA:402,78,0,0
BRDA:402,78,1,0
BRDA:403,79,0,0
BRDA:403,79,1,0
BRDA:405,80,0,0
BRDA:405,80,1,0
BRDA:410,81,0,0
BRDA:410,81,1,0
BRDA:415,82,0,0
BRDA:415,82,1,0
BRDA:417,83,0,0
BRDA:417,83,1,0
BRDA:423,84,0,0
BRDA:423,84,1,0
BRDA:424,85,0,0
BRDA:424,85,1,0
BRDA:437,86,0,0
BRDA:437,86,1,0
BRDA:445,87,0,0
BRDA:445,87,1,0
BRDA:445,88,0,0
BRDA:445,88,1,0
BRDA:445,88,2,0
BRDA:460,89,0,0
BRDA:460,89,1,0
BRDA:477,90,0,0
BRDA:477,90,1,0
BRDA:479,91,0,0
BRDA:479,91,1,0
BRDA:479,92,0,0
BRDA:479,92,1,0
BRDA:481,93,0,0
BRDA:481,93,1,0
BRDA:481,94,0,0
BRDA:481,94,1,0
BRDA:481,94,2,0
BRDA:483,95,0,0
BRDA:483,95,1,0
BRDA:483,96,0,0
BRDA:483,96,1,0
BRDA:483,96,2,0
BRDA:483,96,3,0
BRDA:495,97,0,0
BRDA:495,97,1,0
BRDA:495,98,0,0
BRDA:495,98,1,0
BRDA:511,99,0,0
BRDA:511,99,1,0
BRDA:512,100,0,0
BRDA:512,100,1,0
BRDA:525,101,0,0
BRDA:525,101,1,0
BRDA:528,102,0,0
BRDA:528,102,1,0
BRDA:560,103,0,0
BRDA:560,103,1,0
BRDA:560,104,0,0
BRDA:560,104,1,0
BRDA:562,105,0,0
BRDA:562,105,1,0
BRDA:571,106,0,0
BRDA:571,106,1,0
BRDA:571,107,0,0
BRDA:571,107,1,0
BRDA:574,108,0,0
BRDA:574,108,1,0
BRDA:574,109,0,0
BRDA:574,109,1,0
BRDA:604,110,0,0
BRDA:604,110,1,0
BRDA:604,111,0,0
BRDA:604,111,1,0
BRDA:620,112,0,0
BRDA:620,112,1,0
BRDA:623,113,0,0
BRDA:623,113,1,0
BRDA:632,114,0,0
BRDA:632,114,1,0
BRDA:638,115,0,0
BRDA:638,115,1,0
BRDA:647,116,0,0
BRDA:647,116,1,0
BRDA:655,117,0,0
BRDA:655,117,1,0
BRDA:655,118,0,0
BRDA:655,118,1,0
BRDA:655,118,2,0
BRDA:666,119,0,0
BRDA:666,119,1,0
BRDA:691,120,0,0
BRDA:691,120,1,0
BRDA:699,121,0,0
BRDA:699,121,1,0
BRDA:703,122,0,0
BRDA:703,122,1,0
BRDA:703,123,0,0
BRDA:703,123,1,0
BRDA:711,124,0,0
BRDA:711,124,1,0
BRDA:720,125,0,0
BRDA:720,125,1,0
BRDA:759,126,0,0
BRDA:759,126,1,0
BRDA:759,127,0,0
BRDA:759,127,1,0
BRDA:759,127,2,0
BRDA:777,128,0,0
BRDA:777,128,1,0
BRDA:777,129,0,0
BRDA:777,129,1,0
BRDA:790,130,0,0
BRDA:790,130,1,0
BRDA:794,131,0,0
BRDA:794,131,1,0
BRDA:795,132,0,0
BRDA:795,132,1,0
BRDA:796,133,0,0
BRDA:796,133,1,0
BRDA:819,134,0,0
BRDA:819,134,1,0
BRDA:837,135,0,0
BRDA:837,135,1,0
BRDA:853,136,0,0
BRDA:853,136,1,0
BRDA:859,137,0,0
BRDA:859,137,1,0
BRDA:879,138,0,0
BRDA:879,138,1,0
BRDA:891,139,0,0
BRDA:891,139,1,0
BRDA:892,140,0,0
BRDA:892,140,1,0
BRDA:892,141,0,0
BRDA:892,141,1,0
BRDA:905,142,0,0
BRDA:905,142,1,0
BRDA:976,143,0,0
BRDA:976,143,1,0
BRDA:977,144,0,0
BRDA:977,144,1,0
BRDA:978,145,0,0
BRDA:978,145,1,0
BRDA:987,146,0,0
BRDA:987,146,1,0
BRDA:1036,147,0,0
BRDA:1036,147,1,0
BRDA:1042,148,0,0
BRDA:1042,148,1,0
BRDA:1051,149,0,0
BRDA:1051,149,1,0
BRDA:1059,150,0,0
BRDA:1059,150,1,0
BRDA:1068,151,0,0
BRDA:1068,151,1,0
BRF:314
BRH:0
end_of_record
TN:
SF:src/validators.js
FN:93,validatePage
FN:105,validatePages
FN:108,(anonymous_2)
FN:114,validateSearchResponse
FNF:4
FNH:0
FNDA:0,validatePage
FNDA:0,validatePages
FNDA:0,(anonymous_2)
FNDA:0,validateSearchResponse
DA:7,0
DA:18,0
DA:64,0
DA:76,0
DA:82,0
DA:94,0
DA:95,0
DA:97,0
DA:98,0
DA:106,0
DA:108,0
DA:115,0
DA:116,0
DA:118,0
DA:119,0
LF:15
LH:0
BRF:0
BRH:0
end_of_record
